# JRE version: OpenJDK Runtime Environment (11.0.10) (build 11.0.10+0-b96-7249189)
# Java VM: OpenJDK 64-Bit Server VM (11.0.10+0-b96-7249189, mixed mode, tiered, compressed oops, g1 gc, windows-amd64)
Heap:
 garbage-first heap   total 172032K, used 143335K [0x0000000080000000, 0x0000000100000000)
  region size 1024K, 11 young (11264K), 2 survivors (2048K)
 Metaspace       used 104775K, capacity 107803K, committed 108104K, reserved 1142784K
  class space    used 13211K, capacity 14302K, committed 14336K, reserved 1048576K
GC Heap History (20 events):
Event: 515.918 GC heap before
{Heap before GC invocations=57 (full 0):
 garbage-first heap   total 172032K, used 113983K [0x0000000080000000, 0x0000000100000000)
  region size 1024K, 8 young (8192K), 2 survivors (2048K)
 Metaspace       used 100620K, capacity 103596K, committed 103752K, reserved 1138688K
  class space    used 12724K, capacity 13781K, committed 13824K, reserved 1048576K
}
Event: 515.926 GC heap after
{Heap after GC invocations=58 (full 0):
 garbage-first heap   total 172032K, used 108423K [0x0000000080000000, 0x0000000100000000)
  region size 1024K, 1 young (1024K), 1 survivors (1024K)
 Metaspace       used 100620K, capacity 103596K, committed 103752K, reserved 1138688K
  class space    used 12724K, capacity 13781K, committed 13824K, reserved 1048576K
}
Event: 517.262 GC heap before
{Heap before GC invocations=58 (full 0):
 garbage-first heap   total 172032K, used 145287K [0x0000000080000000, 0x0000000100000000)
  region size 1024K, 38 young (38912K), 1 survivors (1024K)
 Metaspace       used 101350K, capacity 104258K, committed 104392K, reserved 1140736K
  class space    used 12795K, capacity 13863K, committed 13952K, reserved 1048576K
}
Event: 517.265 GC heap after
{Heap after GC invocations=59 (full 0):
 garbage-first heap   total 172032K, used 108789K [0x0000000080000000, 0x0000000100000000)
  region size 1024K, 1 young (1024K), 1 survivors (1024K)
 Metaspace       used 101350K, capacity 104258K, committed 104392K, reserved 1140736K
  class space    used 12795K, capacity 13863K, committed 13952K, reserved 1048576K
}
Event: 518.825 GC heap before
{Heap before GC invocations=60 (full 0):
 garbage-first heap   total 172032K, used 146677K [0x0000000080000000, 0x0000000100000000)
  region size 1024K, 39 young (39936K), 1 survivors (1024K)
 Metaspace       used 101562K, capacity 104561K, committed 104648K, reserved 1140736K
  class space    used 12811K, capacity 13873K, committed 13952K, reserved 1048576K
}
Event: 518.833 GC heap after
{Heap after GC invocations=61 (full 0):
 garbage-first heap   total 172032K, used 109806K [0x0000000080000000, 0x0000000100000000)
  region size 1024K, 2 young (2048K), 2 survivors (2048K)
 Metaspace       used 101562K, capacity 104561K, committed 104648K, reserved 1140736K
  class space    used 12811K, capacity 13873K, committed 13952K, reserved 1048576K
}
Event: 520.224 GC heap before
{Heap before GC invocations=61 (full 0):
 garbage-first heap   total 172032K, used 146670K [0x0000000080000000, 0x0000000100000000)
  region size 1024K, 39 young (39936K), 2 survivors (2048K)
 Metaspace       used 102073K, capacity 105081K, committed 105288K, reserved 1140736K
  class space    used 12880K, capacity 13958K, committed 14080K, reserved 1048576K
}
Event: 520.232 GC heap after
{Heap after GC invocations=62 (full 0):
 garbage-first heap   total 172032K, used 114340K [0x0000000080000000, 0x0000000100000000)
  region size 1024K, 5 young (5120K), 5 survivors (5120K)
 Metaspace       used 102073K, capacity 105081K, committed 105288K, reserved 1140736K
  class space    used 12880K, capacity 13958K, committed 14080K, reserved 1048576K
}
Event: 520.529 GC heap before
{Heap before GC invocations=62 (full 0):
 garbage-first heap   total 172032K, used 146084K [0x0000000080000000, 0x0000000100000000)
  region size 1024K, 37 young (37888K), 5 survivors (5120K)
 Metaspace       used 102827K, capacity 105844K, committed 106184K, reserved 1140736K
  class space    used 12997K, capacity 14086K, committed 14208K, reserved 1048576K
}
Event: 520.560 GC heap after
{Heap after GC invocations=63 (full 0):
 garbage-first heap   total 172032K, used 122093K [0x0000000080000000, 0x0000000100000000)
  region size 1024K, 5 young (5120K), 5 survivors (5120K)
 Metaspace       used 102827K, capacity 105844K, committed 106184K, reserved 1140736K
  class space    used 12997K, capacity 14086K, committed 14208K, reserved 1048576K
}
Event: 520.770 GC heap before
{Heap before GC invocations=64 (full 0):
 garbage-first heap   total 172032K, used 143597K [0x0000000080000000, 0x0000000100000000)
  region size 1024K, 27 young (27648K), 5 survivors (5120K)
 Metaspace       used 103585K, capacity 106617K, committed 106696K, reserved 1142784K
  class space    used 13077K, capacity 14171K, committed 14208K, reserved 1048576K
}
Event: 520.783 GC heap after
{Heap after GC invocations=65 (full 0):
 garbage-first heap   total 172032K, used 125095K [0x0000000080000000, 0x0000000100000000)
  region size 1024K, 4 young (4096K), 4 survivors (4096K)
 Metaspace       used 103585K, capacity 106617K, committed 106696K, reserved 1142784K
  class space    used 13077K, capacity 14171K, committed 14208K, reserved 1048576K
}
Event: 520.800 GC heap before
{Heap before GC invocations=65 (full 0):
 garbage-first heap   total 172032K, used 128167K [0x0000000080000000, 0x0000000100000000)
  region size 1024K, 8 young (8192K), 4 survivors (4096K)
 Metaspace       used 103619K, capacity 106618K, committed 106696K, reserved 1142784K
  class space    used 13080K, capacity 14171K, committed 14208K, reserved 1048576K
}
Event: 520.808 GC heap after
{Heap after GC invocations=66 (full 0):
 garbage-first heap   total 172032K, used 125952K [0x0000000080000000, 0x0000000100000000)
  region size 1024K, 1 young (1024K), 1 survivors (1024K)
 Metaspace       used 103619K, capacity 106618K, committed 106696K, reserved 1142784K
  class space    used 13080K, capacity 14171K, committed 14208K, reserved 1048576K
}
Event: 521.522 GC heap before
{Heap before GC invocations=66 (full 0):
 garbage-first heap   total 172032K, used 144384K [0x0000000080000000, 0x0000000100000000)
  region size 1024K, 19 young (19456K), 1 survivors (1024K)
 Metaspace       used 104352K, capacity 107344K, committed 107592K, reserved 1142784K
  class space    used 13160K, capacity 14238K, committed 14336K, reserved 1048576K
}
Event: 521.534 GC heap after
{Heap after GC invocations=67 (full 0):
 garbage-first heap   total 172032K, used 129662K [0x0000000080000000, 0x0000000100000000)
  region size 1024K, 3 young (3072K), 3 survivors (3072K)
 Metaspace       used 104352K, capacity 107344K, committed 107592K, reserved 1142784K
  class space    used 13160K, capacity 14238K, committed 14336K, reserved 1048576K
}
Event: 521.818 GC heap before
{Heap before GC invocations=67 (full 0):
 garbage-first heap   total 172032K, used 145022K [0x0000000080000000, 0x0000000100000000)
  region size 1024K, 18 young (18432K), 3 survivors (3072K)
 Metaspace       used 104459K, capacity 107508K, committed 107592K, reserved 1142784K
  class space    used 13165K, capacity 14270K, committed 14336K, reserved 1048576K
}
Event: 521.829 GC heap after
{Heap after GC invocations=68 (full 0):
 garbage-first heap   total 172032K, used 132933K [0x0000000080000000, 0x0000000100000000)
  region size 1024K, 3 young (3072K), 3 survivors (3072K)
 Metaspace       used 104459K, capacity 107508K, committed 107592K, reserved 1142784K
  class space    used 13165K, capacity 14270K, committed 14336K, reserved 1048576K
}
Event: 521.891 GC heap before
{Heap before GC invocations=68 (full 0):
 garbage-first heap   total 172032K, used 146245K [0x0000000080000000, 0x0000000100000000)
  region size 1024K, 16 young (16384K), 3 survivors (3072K)
 Metaspace       used 104425K, capacity 107418K, committed 107592K, reserved 1142784K
  class space    used 13156K, capacity 14238K, committed 14336K, reserved 1048576K
}
Event: 521.901 GC heap after
{Heap after GC invocations=69 (full 0):
 garbage-first heap   total 172032K, used 136167K [0x0000000080000000, 0x0000000100000000)
  region size 1024K, 2 young (2048K), 2 survivors (2048K)
 Metaspace       used 104425K, capacity 107418K, committed 107592K, reserved 1142784K
  class space    used 13156K, capacity 14238K, committed 14336K, reserved 1048576K
}

