# JRE version: OpenJDK Runtime Environment (11.0.10) (build 11.0.10+0-b96-7249189)
# Java VM: OpenJDK 64-Bit Server VM (11.0.10+0-b96-7249189, mixed mode, tiered, compressed oops, g1 gc, windows-amd64)
Heap:
 garbage-first heap   total 172032K, used 111616K [0x0000000080000000, 0x0000000100000000)
  region size 1024K, 49 young (50176K), 8 survivors (8192K)
 Metaspace       used 82060K, capacity 84160K, committed 84396K, reserved 1122304K
  class space    used 10707K, capacity 11463K, committed 11488K, reserved 1048576K
GC Heap History (20 events):
Event: 8.188 GC heap before
{Heap before GC invocations=13 (full 0):
 garbage-first heap   total 118784K, used 79124K [0x0000000080000000, 0x0000000100000000)
  region size 1024K, 52 young (53248K), 2 survivors (2048K)
 Metaspace       used 46032K, capacity 47208K, committed 47308K, reserved 1089536K
  class space    used 5898K, capacity 6343K, committed 6400K, reserved 1048576K
}
Event: 8.199 GC heap after
{Heap after GC invocations=14 (full 0):
 garbage-first heap   total 118784K, used 30498K [0x0000000080000000, 0x0000000100000000)
  region size 1024K, 5 young (5120K), 5 survivors (5120K)
 Metaspace       used 46032K, capacity 47208K, committed 47308K, reserved 1089536K
  class space    used 5898K, capacity 6343K, committed 6400K, reserved 1048576K
}
Event: 9.509 GC heap before
{Heap before GC invocations=14 (full 0):
 garbage-first heap   total 118784K, used 86818K [0x0000000080000000, 0x0000000100000000)
  region size 1024K, 56 young (57344K), 5 survivors (5120K)
 Metaspace       used 49181K, capacity 50540K, committed 50764K, reserved 1093632K
  class space    used 6284K, capacity 6754K, committed 6784K, reserved 1048576K
}
Event: 9.527 GC heap after
{Heap after GC invocations=15 (full 0):
 garbage-first heap   total 118784K, used 43069K [0x0000000080000000, 0x0000000100000000)
  region size 1024K, 7 young (7168K), 7 survivors (7168K)
 Metaspace       used 49181K, capacity 50540K, committed 50764K, reserved 1093632K
  class space    used 6284K, capacity 6754K, committed 6784K, reserved 1048576K
}
Event: 10.555 GC heap before
{Heap before GC invocations=15 (full 0):
 garbage-first heap   total 118784K, used 87101K [0x0000000080000000, 0x0000000100000000)
  region size 1024K, 50 young (51200K), 7 survivors (7168K)
 Metaspace       used 55834K, capacity 57293K, committed 57420K, reserved 1099776K
  class space    used 7060K, capacity 7550K, committed 7552K, reserved 1048576K
}
Event: 10.565 GC heap after
{Heap after GC invocations=16 (full 0):
 garbage-first heap   total 118784K, used 45284K [0x0000000080000000, 0x0000000100000000)
  region size 1024K, 2 young (2048K), 2 survivors (2048K)
 Metaspace       used 55834K, capacity 57293K, committed 57420K, reserved 1099776K
  class space    used 7060K, capacity 7550K, committed 7552K, reserved 1048576K
}
Event: 11.256 GC heap before
{Heap before GC invocations=16 (full 0):
 garbage-first heap   total 118784K, used 88292K [0x0000000080000000, 0x0000000100000000)
  region size 1024K, 45 young (46080K), 2 survivors (2048K)
 Metaspace       used 61093K, capacity 62599K, committed 62796K, reserved 1103872K
  class space    used 7732K, capacity 8291K, committed 8320K, reserved 1048576K
}
Event: 11.264 GC heap after
{Heap after GC invocations=17 (full 0):
 garbage-first heap   total 143360K, used 48898K [0x0000000080000000, 0x0000000100000000)
  region size 1024K, 6 young (6144K), 6 survivors (6144K)
 Metaspace       used 61093K, capacity 62599K, committed 62796K, reserved 1103872K
  class space    used 7732K, capacity 8291K, committed 8320K, reserved 1048576K
}
Event: 12.039 GC heap before
{Heap before GC invocations=17 (full 0):
 garbage-first heap   total 143360K, used 100098K [0x0000000080000000, 0x0000000100000000)
  region size 1024K, 56 young (57344K), 6 survivors (6144K)
 Metaspace       used 64194K, capacity 65776K, committed 65836K, reserved 1105920K
  class space    used 8157K, capacity 8766K, committed 8800K, reserved 1048576K
}
Event: 12.055 GC heap after
{Heap after GC invocations=18 (full 0):
 garbage-first heap   total 143360K, used 53053K [0x0000000080000000, 0x0000000100000000)
  region size 1024K, 8 young (8192K), 8 survivors (8192K)
 Metaspace       used 64194K, capacity 65776K, committed 65836K, reserved 1105920K
  class space    used 8157K, capacity 8766K, committed 8800K, reserved 1048576K
}
Event: 13.151 GC heap before
{Heap before GC invocations=19 (full 0):
 garbage-first heap   total 143360K, used 105277K [0x0000000080000000, 0x0000000100000000)
  region size 1024K, 59 young (60416K), 8 survivors (8192K)
 Metaspace       used 69729K, capacity 71446K, committed 71596K, reserved 1112064K
  class space    used 9053K, capacity 9661K, committed 9696K, reserved 1048576K
}
Event: 13.164 GC heap after
{Heap after GC invocations=20 (full 0):
 garbage-first heap   total 143360K, used 56682K [0x0000000080000000, 0x0000000100000000)
  region size 1024K, 8 young (8192K), 8 survivors (8192K)
 Metaspace       used 69729K, capacity 71446K, committed 71596K, reserved 1112064K
  class space    used 9053K, capacity 9661K, committed 9696K, reserved 1048576K
}
Event: 14.145 GC heap before
{Heap before GC invocations=20 (full 0):
 garbage-first heap   total 143360K, used 107882K [0x0000000080000000, 0x0000000100000000)
  region size 1024K, 58 young (59392K), 8 survivors (8192K)
 Metaspace       used 75570K, capacity 77396K, committed 77612K, reserved 1116160K
  class space    used 9853K, capacity 10474K, committed 10592K, reserved 1048576K
}
Event: 14.157 GC heap after
{Heap after GC invocations=21 (full 0):
 garbage-first heap   total 143360K, used 59506K [0x0000000080000000, 0x0000000100000000)
  region size 1024K, 7 young (7168K), 7 survivors (7168K)
 Metaspace       used 75570K, capacity 77396K, committed 77612K, reserved 1116160K
  class space    used 9853K, capacity 10474K, committed 10592K, reserved 1048576K
}
Event: 15.448 GC heap before
{Heap before GC invocations=21 (full 0):
 garbage-first heap   total 143360K, used 110706K [0x0000000080000000, 0x0000000100000000)
  region size 1024K, 57 young (58368K), 7 survivors (7168K)
 Metaspace       used 78460K, capacity 80478K, committed 80684K, reserved 1118208K
  class space    used 10272K, capacity 11022K, committed 11104K, reserved 1048576K
}
Event: 15.461 GC heap after
{Heap after GC invocations=22 (full 0):
 garbage-first heap   total 143360K, used 63674K [0x0000000080000000, 0x0000000100000000)
  region size 1024K, 7 young (7168K), 7 survivors (7168K)
 Metaspace       used 78460K, capacity 80478K, committed 80684K, reserved 1118208K
  class space    used 10272K, capacity 11022K, committed 11104K, reserved 1048576K
}
Event: 16.384 GC heap before
{Heap before GC invocations=22 (full 0):
 garbage-first heap   total 143360K, used 112826K [0x0000000080000000, 0x0000000100000000)
  region size 1024K, 56 young (57344K), 7 survivors (7168K)
 Metaspace       used 79106K, capacity 81084K, committed 81196K, reserved 1120256K
  class space    used 10319K, capacity 11084K, committed 11104K, reserved 1048576K
}
Event: 16.401 GC heap after
{Heap after GC invocations=23 (full 0):
 garbage-first heap   total 172032K, used 67180K [0x0000000080000000, 0x0000000100000000)
  region size 1024K, 4 young (4096K), 4 survivors (4096K)
 Metaspace       used 79106K, capacity 81084K, committed 81196K, reserved 1120256K
  class space    used 10319K, capacity 11084K, committed 11104K, reserved 1048576K
}
Event: 17.849 GC heap before
{Heap before GC invocations=23 (full 0):
 garbage-first heap   total 172032K, used 126572K [0x0000000080000000, 0x0000000100000000)
  region size 1024K, 63 young (64512K), 4 survivors (4096K)
 Metaspace       used 80512K, capacity 82692K, committed 82988K, reserved 1120256K
  class space    used 10490K, capacity 11272K, committed 11360K, reserved 1048576K
}
Event: 17.862 GC heap after
{Heap after GC invocations=24 (full 0):
 garbage-first heap   total 172032K, used 71680K [0x0000000080000000, 0x0000000100000000)
  region size 1024K, 8 young (8192K), 8 survivors (8192K)
 Metaspace       used 80512K, capacity 82692K, committed 82988K, reserved 1120256K
  class space    used 10490K, capacity 11272K, committed 11360K, reserved 1048576K
}

