# JRE version: OpenJDK Runtime Environment (11.0.10) (build 11.0.10+0-b96-7249189)
# Java VM: OpenJDK 64-Bit Server VM (11.0.10+0-b96-7249189, mixed mode, tiered, compressed oops, g1 gc, windows-amd64)
Heap:
 garbage-first heap   total 143360K, used 81339K [0x0000000080000000, 0x0000000100000000)
  region size 1024K, 29 young (29696K), 7 survivors (7168K)
 Metaspace       used 78498K, capacity 80505K, committed 80716K, reserved 1118208K
  class space    used 10280K, capacity 11033K, committed 11136K, reserved 1048576K
GC Heap History (20 events):
Event: 8.201 GC heap before
{Heap before GC invocations=8 (full 0):
 garbage-first heap   total 98304K, used 47887K [0x0000000080000000, 0x0000000100000000)
  region size 1024K, 34 young (34816K), 4 survivors (4096K)
 Metaspace       used 35046K, capacity 35809K, committed 35840K, reserved 1081344K
  class space    used 4537K, capacity 4833K, committed 4864K, reserved 1048576K
}
Event: 8.213 GC heap after
{Heap after GC invocations=9 (full 0):
 garbage-first heap   total 98304K, used 21883K [0x0000000080000000, 0x0000000100000000)
  region size 1024K, 6 young (6144K), 6 survivors (6144K)
 Metaspace       used 35046K, capacity 35809K, committed 35840K, reserved 1081344K
  class space    used 4537K, capacity 4833K, committed 4864K, reserved 1048576K
}
Event: 9.264 GC heap before
{Heap before GC invocations=10 (full 0):
 garbage-first heap   total 98304K, used 68987K [0x0000000080000000, 0x0000000100000000)
  region size 1024K, 49 young (50176K), 6 survivors (6144K)
 Metaspace       used 38716K, capacity 39642K, committed 39884K, reserved 1083392K
  class space    used 4929K, capacity 5252K, committed 5376K, reserved 1048576K
}
Event: 9.279 GC heap after
{Heap after GC invocations=11 (full 0):
 garbage-first heap   total 118784K, used 25839K [0x0000000080000000, 0x0000000100000000)
  region size 1024K, 7 young (7168K), 7 survivors (7168K)
 Metaspace       used 38716K, capacity 39642K, committed 39884K, reserved 1083392K
  class space    used 4929K, capacity 5252K, committed 5376K, reserved 1048576K
}
Event: 10.179 GC heap before
{Heap before GC invocations=11 (full 0):
 garbage-first heap   total 118784K, used 78063K [0x0000000080000000, 0x0000000100000000)
  region size 1024K, 58 young (59392K), 7 survivors (7168K)
 Metaspace       used 43168K, capacity 44223K, committed 44492K, reserved 1087488K
  class space    used 5502K, capacity 5856K, committed 5888K, reserved 1048576K
}
Event: 10.200 GC heap after
{Heap after GC invocations=12 (full 0):
 garbage-first heap   total 118784K, used 27952K [0x0000000080000000, 0x0000000100000000)
  region size 1024K, 6 young (6144K), 6 survivors (6144K)
 Metaspace       used 43168K, capacity 44223K, committed 44492K, reserved 1087488K
  class space    used 5502K, capacity 5856K, committed 5888K, reserved 1048576K
}
Event: 12.258 GC heap before
{Heap before GC invocations=12 (full 0):
 garbage-first heap   total 118784K, used 86320K [0x0000000080000000, 0x0000000100000000)
  region size 1024K, 64 young (65536K), 6 survivors (6144K)
 Metaspace       used 46950K, capacity 48163K, committed 48460K, reserved 1091584K
  class space    used 5991K, capacity 6421K, committed 6528K, reserved 1048576K
}
Event: 12.272 GC heap after
{Heap after GC invocations=13 (full 0):
 garbage-first heap   total 118784K, used 31745K [0x0000000080000000, 0x0000000100000000)
  region size 1024K, 7 young (7168K), 7 survivors (7168K)
 Metaspace       used 46950K, capacity 48163K, committed 48460K, reserved 1091584K
  class space    used 5991K, capacity 6421K, committed 6528K, reserved 1048576K
}
Event: 13.939 GC heap before
{Heap before GC invocations=13 (full 0):
 garbage-first heap   total 118784K, used 91137K [0x0000000080000000, 0x0000000100000000)
  region size 1024K, 62 young (63488K), 7 survivors (7168K)
 Metaspace       used 52550K, capacity 53979K, committed 54092K, reserved 1095680K
  class space    used 6715K, capacity 7195K, committed 7296K, reserved 1048576K
}
Event: 13.954 GC heap after
{Heap after GC invocations=14 (full 0):
 garbage-first heap   total 118784K, used 43008K [0x0000000080000000, 0x0000000100000000)
  region size 1024K, 8 young (8192K), 8 survivors (8192K)
 Metaspace       used 52550K, capacity 53979K, committed 54092K, reserved 1095680K
  class space    used 6715K, capacity 7195K, committed 7296K, reserved 1048576K
}
Event: 14.933 GC heap before
{Heap before GC invocations=14 (full 0):
 garbage-first heap   total 118784K, used 79872K [0x0000000080000000, 0x0000000100000000)
  region size 1024K, 45 young (46080K), 8 survivors (8192K)
 Metaspace       used 58606K, capacity 60096K, committed 60236K, reserved 1101824K
  class space    used 7426K, capacity 7971K, committed 8064K, reserved 1048576K
}
Event: 14.952 GC heap after
{Heap after GC invocations=15 (full 0):
 garbage-first heap   total 143360K, used 45641K [0x0000000080000000, 0x0000000100000000)
  region size 1024K, 3 young (3072K), 3 survivors (3072K)
 Metaspace       used 58606K, capacity 60096K, committed 60236K, reserved 1101824K
  class space    used 7426K, capacity 7971K, committed 8064K, reserved 1048576K
}
Event: 16.213 GC heap before
{Heap before GC invocations=16 (full 0):
 garbage-first heap   total 143360K, used 97865K [0x0000000080000000, 0x0000000100000000)
  region size 1024K, 54 young (55296K), 3 survivors (3072K)
 Metaspace       used 63202K, capacity 64762K, committed 64844K, reserved 1105920K
  class space    used 8024K, capacity 8574K, committed 8576K, reserved 1048576K
}
Event: 16.224 GC heap after
{Heap after GC invocations=17 (full 0):
 garbage-first heap   total 143360K, used 49035K [0x0000000080000000, 0x0000000100000000)
  region size 1024K, 6 young (6144K), 6 survivors (6144K)
 Metaspace       used 63202K, capacity 64762K, committed 64844K, reserved 1105920K
  class space    used 8024K, capacity 8574K, committed 8576K, reserved 1048576K
}
Event: 17.731 GC heap before
{Heap before GC invocations=17 (full 0):
 garbage-first heap   total 143360K, used 102283K [0x0000000080000000, 0x0000000100000000)
  region size 1024K, 58 young (59392K), 6 survivors (6144K)
 Metaspace       used 67743K, capacity 69372K, committed 69580K, reserved 1110016K
  class space    used 8766K, capacity 9362K, committed 9472K, reserved 1048576K
}
Event: 17.751 GC heap after
{Heap after GC invocations=18 (full 0):
 garbage-first heap   total 143360K, used 53535K [0x0000000080000000, 0x0000000100000000)
  region size 1024K, 5 young (5120K), 5 survivors (5120K)
 Metaspace       used 67743K, capacity 69372K, committed 69580K, reserved 1110016K
  class space    used 8766K, capacity 9362K, committed 9472K, reserved 1048576K
}
Event: 19.738 GC heap before
{Heap before GC invocations=18 (full 0):
 garbage-first heap   total 143360K, used 105759K [0x0000000080000000, 0x0000000100000000)
  region size 1024K, 56 young (57344K), 5 survivors (5120K)
 Metaspace       used 73879K, capacity 75613K, committed 75724K, reserved 1114112K
  class space    used 9627K, capacity 10228K, committed 10240K, reserved 1048576K
}
Event: 19.750 GC heap after
{Heap after GC invocations=19 (full 0):
 garbage-first heap   total 143360K, used 57206K [0x0000000080000000, 0x0000000100000000)
  region size 1024K, 4 young (4096K), 4 survivors (4096K)
 Metaspace       used 73879K, capacity 75613K, committed 75724K, reserved 1114112K
  class space    used 9627K, capacity 10228K, committed 10240K, reserved 1048576K
}
Event: 21.830 GC heap before
{Heap before GC invocations=19 (full 0):
 garbage-first heap   total 143360K, used 109430K [0x0000000080000000, 0x0000000100000000)
  region size 1024K, 55 young (56320K), 4 survivors (4096K)
 Metaspace       used 77963K, capacity 79952K, committed 80076K, reserved 1118208K
  class space    used 10222K, capacity 10962K, committed 11008K, reserved 1048576K
}
Event: 21.844 GC heap after
{Heap after GC invocations=20 (full 0):
 garbage-first heap   total 143360K, used 60859K [0x0000000080000000, 0x0000000100000000)
  region size 1024K, 7 young (7168K), 7 survivors (7168K)
 Metaspace       used 77963K, capacity 79952K, committed 80076K, reserved 1118208K
  class space    used 10222K, capacity 10962K, committed 11008K, reserved 1048576K
}

