# JRE version: OpenJDK Runtime Environment (11.0.10) (build 11.0.10+0-b96-7249189)
# Java VM: OpenJDK 64-Bit Server VM (11.0.10+0-b96-7249189, mixed mode, tiered, compressed oops, g1 gc, windows-amd64)
Heap:
 garbage-first heap   total 98304K, used 69070K [0x0000000080000000, 0x0000000100000000)
  region size 1024K, 44 young (45056K), 3 survivors (3072K)
 Metaspace       used 45375K, capacity 46579K, committed 46720K, reserved 1089536K
  class space    used 5831K, capacity 6260K, committed 6272K, reserved 1048576K
GC Heap History (20 events):
Event: 1.279 GC heap before
{Heap before GC invocations=0 (full 0):
 garbage-first heap   total 98304K, used 19456K [0x0000000080000000, 0x0000000100000000)
  region size 1024K, 14 young (14336K), 0 survivors (0K)
 Metaspace       used 6744K, capacity 6929K, committed 7168K, reserved 1056768K
  class space    used 582K, capacity 650K, committed 768K, reserved 1048576K
}
Event: 1.336 GC heap after
{Heap after GC invocations=1 (full 0):
 garbage-first heap   total 98304K, used 7878K [0x0000000080000000, 0x0000000100000000)
  region size 1024K, 2 young (2048K), 2 survivors (2048K)
 Metaspace       used 6744K, capacity 6929K, committed 7168K, reserved 1056768K
  class space    used 582K, capacity 650K, committed 768K, reserved 1048576K
}
Event: 2.074 GC heap before
{Heap before GC invocations=1 (full 0):
 garbage-first heap   total 98304K, used 19142K [0x0000000080000000, 0x0000000100000000)
  region size 1024K, 13 young (13312K), 2 survivors (2048K)
 Metaspace       used 10226K, capacity 10432K, committed 10624K, reserved 1058816K
  class space    used 1064K, capacity 1140K, committed 1152K, reserved 1048576K
}
Event: 2.079 GC heap after
{Heap after GC invocations=2 (full 0):
 garbage-first heap   total 98304K, used 9280K [0x0000000080000000, 0x0000000100000000)
  region size 1024K, 2 young (2048K), 2 survivors (2048K)
 Metaspace       used 10226K, capacity 10432K, committed 10624K, reserved 1058816K
  class space    used 1064K, capacity 1140K, committed 1152K, reserved 1048576K
}
Event: 2.871 GC heap before
{Heap before GC invocations=2 (full 0):
 garbage-first heap   total 98304K, used 37952K [0x0000000080000000, 0x0000000100000000)
  region size 1024K, 29 young (29696K), 2 survivors (2048K)
 Metaspace       used 11141K, capacity 11385K, committed 11520K, reserved 1058816K
  class space    used 1165K, capacity 1244K, committed 1280K, reserved 1048576K
}
Event: 2.876 GC heap after
{Heap after GC invocations=3 (full 0):
 garbage-first heap   total 98304K, used 12861K [0x0000000080000000, 0x0000000100000000)
  region size 1024K, 4 young (4096K), 4 survivors (4096K)
 Metaspace       used 11141K, capacity 11385K, committed 11520K, reserved 1058816K
  class space    used 1165K, capacity 1244K, committed 1280K, reserved 1048576K
}
Event: 6.213 GC heap before
{Heap before GC invocations=3 (full 0):
 garbage-first heap   total 98304K, used 54845K [0x0000000080000000, 0x0000000100000000)
  region size 1024K, 46 young (47104K), 4 survivors (4096K)
 Metaspace       used 17715K, capacity 18097K, committed 18176K, reserved 1064960K
  class space    used 2085K, capacity 2237K, committed 2304K, reserved 1048576K
}
Event: 6.225 GC heap after
{Heap after GC invocations=4 (full 0):
 garbage-first heap   total 98304K, used 15700K [0x0000000080000000, 0x0000000100000000)
  region size 1024K, 6 young (6144K), 6 survivors (6144K)
 Metaspace       used 17715K, capacity 18097K, committed 18176K, reserved 1064960K
  class space    used 2085K, capacity 2237K, committed 2304K, reserved 1048576K
}
Event: 6.691 GC heap before
{Heap before GC invocations=4 (full 0):
 garbage-first heap   total 98304K, used 38228K [0x0000000080000000, 0x0000000100000000)
  region size 1024K, 29 young (29696K), 6 survivors (6144K)
 Metaspace       used 20590K, capacity 21097K, committed 21248K, reserved 1067008K
  class space    used 2507K, capacity 2689K, committed 2816K, reserved 1048576K
}
Event: 6.701 GC heap after
{Heap after GC invocations=5 (full 0):
 garbage-first heap   total 98304K, used 17083K [0x0000000080000000, 0x0000000100000000)
  region size 1024K, 1 young (1024K), 1 survivors (1024K)
 Metaspace       used 20590K, capacity 21097K, committed 21248K, reserved 1067008K
  class space    used 2507K, capacity 2689K, committed 2816K, reserved 1048576K
}
Event: 8.215 GC heap before
{Heap before GC invocations=6 (full 0):
 garbage-first heap   total 98304K, used 53947K [0x0000000080000000, 0x0000000100000000)
  region size 1024K, 38 young (38912K), 1 survivors (1024K)
 Metaspace       used 24413K, capacity 24991K, committed 25216K, reserved 1071104K
  class space    used 3138K, capacity 3352K, committed 3456K, reserved 1048576K
}
Event: 8.221 GC heap after
{Heap after GC invocations=7 (full 0):
 garbage-first heap   total 98304K, used 18204K [0x0000000080000000, 0x0000000100000000)
  region size 1024K, 2 young (2048K), 2 survivors (2048K)
 Metaspace       used 24413K, capacity 24991K, committed 25216K, reserved 1071104K
  class space    used 3138K, capacity 3352K, committed 3456K, reserved 1048576K
}
Event: 9.642 GC heap before
{Heap before GC invocations=7 (full 0):
 garbage-first heap   total 98304K, used 59164K [0x0000000080000000, 0x0000000100000000)
  region size 1024K, 42 young (43008K), 2 survivors (2048K)
 Metaspace       used 28419K, capacity 29059K, committed 29184K, reserved 1075200K
  class space    used 3779K, capacity 4029K, committed 4096K, reserved 1048576K
}
Event: 9.653 GC heap after
{Heap after GC invocations=8 (full 0):
 garbage-first heap   total 98304K, used 19404K [0x0000000080000000, 0x0000000100000000)
  region size 1024K, 4 young (4096K), 4 survivors (4096K)
 Metaspace       used 28419K, capacity 29059K, committed 29184K, reserved 1075200K
  class space    used 3779K, capacity 4029K, committed 4096K, reserved 1048576K
}
Event: 11.590 GC heap before
{Heap before GC invocations=8 (full 0):
 garbage-first heap   total 98304K, used 47052K [0x0000000080000000, 0x0000000100000000)
  region size 1024K, 33 young (33792K), 4 survivors (4096K)
 Metaspace       used 35061K, capacity 35809K, committed 35840K, reserved 1081344K
  class space    used 4538K, capacity 4833K, committed 4864K, reserved 1048576K
}
Event: 11.601 GC heap after
{Heap after GC invocations=9 (full 0):
 garbage-first heap   total 98304K, used 22302K [0x0000000080000000, 0x0000000100000000)
  region size 1024K, 6 young (6144K), 6 survivors (6144K)
 Metaspace       used 35061K, capacity 35809K, committed 35840K, reserved 1081344K
  class space    used 4538K, capacity 4833K, committed 4864K, reserved 1048576K
}
Event: 12.552 GC heap before
{Heap before GC invocations=10 (full 0):
 garbage-first heap   total 98304K, used 66334K [0x0000000080000000, 0x0000000100000000)
  region size 1024K, 47 young (48128K), 6 survivors (6144K)
 Metaspace       used 38375K, capacity 39267K, committed 39552K, reserved 1083392K
  class space    used 4897K, capacity 5212K, committed 5248K, reserved 1048576K
}
Event: 12.578 GC heap after
{Heap after GC invocations=11 (full 0):
 garbage-first heap   total 98304K, used 26067K [0x0000000080000000, 0x0000000100000000)
  region size 1024K, 6 young (6144K), 6 survivors (6144K)
 Metaspace       used 38375K, capacity 39267K, committed 39552K, reserved 1083392K
  class space    used 4897K, capacity 5212K, committed 5248K, reserved 1048576K
}
Event: 14.018 GC heap before
{Heap before GC invocations=12 (full 0):
 garbage-first heap   total 98304K, used 68051K [0x0000000080000000, 0x0000000100000000)
  region size 1024K, 47 young (48128K), 6 survivors (6144K)
 Metaspace       used 41596K, capacity 42594K, committed 42624K, reserved 1085440K
  class space    used 5365K, capacity 5739K, committed 5760K, reserved 1048576K
}
Event: 14.029 GC heap after
{Heap after GC invocations=13 (full 0):
 garbage-first heap   total 98304K, used 28110K [0x0000000080000000, 0x0000000100000000)
  region size 1024K, 3 young (3072K), 3 survivors (3072K)
 Metaspace       used 41596K, capacity 42594K, committed 42624K, reserved 1085440K
  class space    used 5365K, capacity 5739K, committed 5760K, reserved 1048576K
}

